c:\documents\games programming 1 - coursework\games programming 1 - coursework\debug\vc140.pdb
c:\documents\games programming 1 - coursework\games programming 1 - coursework\debug\vc140.idb
c:\documents\games programming 1 - coursework\games programming 1 - coursework\debug\asteroidssdl.obj
c:\documents\games programming 1 - coursework\games programming 1 - coursework\debug\casteroid.obj
c:\documents\games programming 1 - coursework\games programming 1 - coursework\debug\cbkground.obj
c:\documents\games programming 1 - coursework\games programming 1 - coursework\debug\cbullet.obj
c:\documents\games programming 1 - coursework\games programming 1 - coursework\debug\cbutton.obj
c:\documents\games programming 1 - coursework\games programming 1 - coursework\debug\cfont.obj
c:\documents\games programming 1 - coursework\games programming 1 - coursework\debug\cfontmgr.obj
c:\documents\games programming 1 - coursework\games programming 1 - coursework\debug\cgame.obj
c:\documents\games programming 1 - coursework\games programming 1 - coursework\debug\crocket.obj
c:\documents\games programming 1 - coursework\games programming 1 - coursework\debug\csdl2wndmanager.obj
c:\documents\games programming 1 - coursework\games programming 1 - coursework\debug\csound.obj
c:\documents\games programming 1 - coursework\games programming 1 - coursework\debug\csoundmgr.obj
c:\documents\games programming 1 - coursework\games programming 1 - coursework\debug\csprite.obj
c:\documents\games programming 1 - coursework\games programming 1 - coursework\debug\ctexture.obj
c:\documents\games programming 1 - coursework\games programming 1 - coursework\debug\ctexturemgr.obj
c:\documents\games programming 1 - coursework\games programming 1 - coursework\debug\cbuttonmgr.obj
c:\documents\games programming 1 - coursework\debug\games programming 1 - coursework.ilk
c:\documents\games programming 1 - coursework\debug\games programming 1 - coursework.exe
c:\documents\games programming 1 - coursework\debug\games programming 1 - coursework.pdb
c:\documents\games programming 1 - coursework\games programming 1 - coursework\debug\games pr.165fbc50.tlog\cl.command.1.tlog
c:\documents\games programming 1 - coursework\games programming 1 - coursework\debug\games pr.165fbc50.tlog\cl.read.1.tlog
c:\documents\games programming 1 - coursework\games programming 1 - coursework\debug\games pr.165fbc50.tlog\cl.write.1.tlog
c:\documents\games programming 1 - coursework\games programming 1 - coursework\debug\games pr.165fbc50.tlog\link.command.1.tlog
c:\documents\games programming 1 - coursework\games programming 1 - coursework\debug\games pr.165fbc50.tlog\link.read.1.tlog
c:\documents\games programming 1 - coursework\games programming 1 - coursework\debug\games pr.165fbc50.tlog\link.write.1.tlog
